TN:
SF:src/application.ts
FN:35,(anonymous_0)
FN:86,(anonymous_1)
FN:106,(anonymous_2)
FN:113,(anonymous_3)
FNF:4
FNH:3
FNDA:8,(anonymous_0)
FNDA:8,(anonymous_1)
FNDA:8,(anonymous_2)
FNDA:0,(anonymous_3)
DA:1,1
DA:2,1
DA:8,1
DA:10,1
DA:11,1
DA:12,1
DA:16,1
DA:17,1
DA:18,1
DA:19,1
DA:20,1
DA:24,1
DA:25,1
DA:26,1
DA:27,1
DA:28,1
DA:32,1
DA:36,8
DA:39,8
DA:42,8
DA:44,8
DA:46,8
DA:48,8
DA:51,8
DA:54,8
DA:59,8
DA:63,8
DA:64,8
DA:65,8
DA:66,8
DA:67,8
DA:71,8
DA:72,8
DA:74,8
DA:76,8
DA:87,8
DA:88,8
DA:107,8
DA:108,8
DA:109,0
DA:110,0
DA:114,0
DA:115,0
DA:116,0
LF:44
LH:39
BRDA:35,0,0,0
BRDA:46,1,0,8
BRDA:46,1,1,0
BRDA:108,2,0,8
BRDA:108,2,1,0
BRF:5
BRH:2
end_of_record
