TN:
SF:test/fixtures/projects/category-1/project-1/src/constants/file-extension.constants.ts
FNF:0
FNH:0
DA:1,2
DA:2,2
DA:3,2
DA:4,2
DA:5,2
DA:6,2
DA:7,2
DA:8,2
DA:9,2
DA:10,2
DA:11,2
DA:12,2
DA:13,2
DA:14,2
DA:15,2
DA:16,2
DA:17,2
DA:18,2
DA:19,2
DA:20,2
DA:21,2
DA:22,2
DA:23,2
DA:24,2
LF:24
LH:24
BRF:0
BRH:0
end_of_record
TN:
SF:test/fixtures/projects/category-1/project-1/src/constants/org.constants.ts
FNF:0
FNH:0
DA:1,2
DA:2,2
DA:3,2
DA:4,2
DA:5,2
DA:6,2
DA:7,2
DA:8,2
DA:9,2
DA:10,2
DA:11,2
DA:12,2
DA:13,2
DA:14,2
DA:15,2
DA:16,2
DA:17,2
DA:18,2
DA:19,2
DA:20,2
DA:21,2
DA:22,2
DA:23,2
DA:24,2
DA:25,2
DA:26,2
DA:27,2
DA:28,2
DA:29,2
LF:29
LH:29
BRF:0
BRH:0
end_of_record
TN:
SF:test/fixtures/projects/category-2/project-2/src/application.ts
FN:35,(anonymous_0)
FN:86,(anonymous_1)
FN:106,(anonymous_2)
FN:113,(anonymous_3)
FNF:4
FNH:3
FNDA:8,(anonymous_0)
FNDA:8,(anonymous_1)
FNDA:8,(anonymous_2)
FNDA:0,(anonymous_3)
DA:1,1
DA:2,1
DA:8,1
DA:10,1
DA:11,1
DA:12,1
DA:16,1
DA:17,1
DA:18,1
DA:19,1
DA:20,1
DA:24,1
DA:25,1
DA:26,1
DA:27,1
DA:28,1
DA:32,1
DA:36,8
DA:39,8
DA:42,8
DA:44,8
DA:46,8
DA:48,8
DA:51,8
DA:54,8
DA:59,8
DA:63,8
DA:64,8
DA:65,8
DA:66,8
DA:67,8
DA:71,8
DA:72,8
DA:74,8
DA:76,8
DA:87,8
DA:88,8
DA:107,8
DA:108,8
DA:109,0
DA:110,0
DA:114,0
DA:115,0
DA:116,0
LF:44
LH:39
BRDA:35,0,0,0
BRDA:46,1,0,8
BRDA:46,1,1,0
BRDA:108,2,0,8
BRDA:108,2,1,0
BRF:5
BRH:2
end_of_record
